<?xml version="1.0" encoding="UTF-8"?>
<testng-results ignored="0" total="1" passed="1" failed="0" skipped="0">
  <reporter-output>
  </reporter-output>
  <suite started-at="2023-02-14T22:22:33 IST" name="Default suite" finished-at="2023-02-14T22:22:42 IST" duration-ms="8488">
    <groups>
    </groups>
    <test started-at="2023-02-14T22:22:33 IST" name="Default test" finished-at="2023-02-14T22:22:42 IST" duration-ms="8488">
      <class name="com.inetbanking.testCases.TC_LoginTest_001">
        <test-method is-config="true" signature="setup()[pri:0, instance:com.inetbanking.testCases.TC_LoginTest_001@71ba6d4e]" started-at="2023-02-14T22:22:33 IST" name="setup" finished-at="2023-02-14T22:22:37 IST" duration-ms="4288" status="PASS">
          <reporter-output>
          </reporter-output>
        </test-method> <!-- setup -->
        <test-method signature="loginTest()[pri:0, instance:com.inetbanking.testCases.TC_LoginTest_001@71ba6d4e]" started-at="2023-02-14T22:22:37 IST" name="loginTest" finished-at="2023-02-14T22:22:41 IST" duration-ms="3380" status="PASS">
          <reporter-output>
          </reporter-output>
        </test-method> <!-- loginTest -->
        <test-method is-config="true" signature="tearDown()[pri:0, instance:com.inetbanking.testCases.TC_LoginTest_001@71ba6d4e]" started-at="2023-02-14T22:22:41 IST" name="tearDown" finished-at="2023-02-14T22:22:42 IST" duration-ms="744" status="PASS">
          <reporter-output>
          </reporter-output>
        </test-method> <!-- tearDown -->
      </class> <!-- com.inetbanking.testCases.TC_LoginTest_001 -->
    </test> <!-- Default test -->
  </suite> <!-- Default suite -->
</testng-results>
